\BOOKMARK [0][-]{chapter.1}{\376\377\000L\000o\000v\000e\000l\000y\000C\000o\000r\000p\000u\000s\000\040\000C\000o\000p\000y\000r\000i\000g\000h\000t\000\040\000\050\000C\000\051\000\040\0002\0000\0001\0003\000\040\000D\000a\000n\000i\000e\000l\000\040\000L\000e\000b\000l\000a\000n\000c}{}
\BOOKMARK [0][-]{chapter.2}{\376\377\000N\000a\000m\000e\000s\000p\000a\000c\000e\000\040\000I\000n\000d\000e\000x}{}
\BOOKMARK [1][-]{section.2.1}{\376\377\000P\000a\000c\000k\000a\000g\000e\000s}{chapter.2}
\BOOKMARK [0][-]{chapter.3}{\376\377\000F\000i\000l\000e\000\040\000I\000n\000d\000e\000x}{}
\BOOKMARK [1][-]{section.3.1}{\376\377\000F\000i\000l\000e\000\040\000L\000i\000s\000t}{chapter.3}
\BOOKMARK [0][-]{chapter.4}{\376\377\000N\000a\000m\000e\000s\000p\000a\000c\000e\000\040\000D\000o\000c\000u\000m\000e\000n\000t\000a\000t\000i\000o\000n}{}
\BOOKMARK [1][-]{section.4.1}{\376\377\000F\000l\000o\000g\000C\000o\000r\000p\000u\000s\000\040\000N\000a\000m\000e\000s\000p\000a\000c\000e\000\040\000R\000e\000f\000e\000r\000e\000n\000c\000e}{chapter.4}
\BOOKMARK [2][-]{subsection.4.1.1}{\376\377\000F\000u\000n\000c\000t\000i\000o\000n\000\040\000D\000o\000c\000u\000m\000e\000n\000t\000a\000t\000i\000o\000n}{section.4.1}
\BOOKMARK [3][-]{subsubsection.4.1.1.1}{\376\377\000r\000u\000n\000T\000e\000s\000t\000s}{subsection.4.1.1}
\BOOKMARK [2][-]{subsection.4.1.2}{\376\377\000V\000a\000r\000i\000a\000b\000l\000e\000\040\000D\000o\000c\000u\000m\000e\000n\000t\000a\000t\000i\000o\000n}{section.4.1}
\BOOKMARK [3][-]{subsubsection.4.1.2.1}{\376\377\000A\000L\000L\000T\000E\000S\000T\000S}{subsection.4.1.2}
\BOOKMARK [3][-]{subsubsection.4.1.2.2}{\376\377\000S\000E\000P\000E\000R\000A\000T\000E}{subsection.4.1.2}
\BOOKMARK [1][-]{section.4.2}{\376\377\000L\000o\000v\000e\000l\000y\000C\000o\000r\000p\000u\000s\000\040\000N\000a\000m\000e\000s\000p\000a\000c\000e\000\040\000R\000e\000f\000e\000r\000e\000n\000c\000e}{chapter.4}
\BOOKMARK [2][-]{subsection.4.2.1}{\376\377\000F\000u\000n\000c\000t\000i\000o\000n\000\040\000D\000o\000c\000u\000m\000e\000n\000t\000a\000t\000i\000o\000n}{section.4.2}
\BOOKMARK [3][-]{subsubsection.4.2.1.1}{\376\377\000a\000t\000t\000r\000i\000b\000u\000t\000e\000C\000o\000u\000n\000t}{subsection.4.2.1}
\BOOKMARK [3][-]{subsubsection.4.2.1.2}{\376\377\000c\000h\000e\000c\000k\000D\000u\000p\000l\000i\000c\000a\000t\000e\000s}{subsection.4.2.1}
\BOOKMARK [3][-]{subsubsection.4.2.1.3}{\376\377\000c\000h\000e\000c\000k\000R\000a\000n\000g\000e}{subsection.4.2.1}
\BOOKMARK [3][-]{subsubsection.4.2.1.4}{\376\377\000e\000g\000a\000i\000n}{subsection.4.2.1}
\BOOKMARK [3][-]{subsubsection.4.2.1.5}{\376\377\000e\000n\000t\000r\000o\000p\000y\000G\000a\000i\000n}{subsection.4.2.1}
\BOOKMARK [3][-]{subsubsection.4.2.1.6}{\376\377\000k\000f\000o\000l\000d}{subsection.4.2.1}
\BOOKMARK [3][-]{subsubsection.4.2.1.7}{\376\377\000r\000e\000m\000o\000v\000e\000O\000u\000t\000l\000i\000e\000r\000s}{subsection.4.2.1}
\BOOKMARK [3][-]{subsubsection.4.2.1.8}{\376\377\000s\000e\000t\000I\000n\000t\000R\000a\000n\000g\000e}{subsection.4.2.1}
\BOOKMARK [2][-]{subsection.4.2.2}{\376\377\000V\000a\000r\000i\000a\000b\000l\000e\000\040\000D\000o\000c\000u\000m\000e\000n\000t\000a\000t\000i\000o\000n}{section.4.2}
\BOOKMARK [3][-]{subsubsection.4.2.2.1}{\376\377\000F\000I\000R\000S\000T}{subsection.4.2.2}
\BOOKMARK [3][-]{subsubsection.4.2.2.2}{\376\377\000L\000A\000S\000T}{subsection.4.2.2}
\BOOKMARK [0][-]{chapter.5}{\376\377\000F\000i\000l\000e\000\040\000D\000o\000c\000u\000m\000e\000n\000t\000a\000t\000i\000o\000n}{}
\BOOKMARK [1][-]{section.5.1}{\376\377\000/\000u\000/\000d\000l\000e\000b\000l\000a\000n\000c\000/\000L\000o\000v\000e\000l\000y\000C\000o\000r\000p\000u\000s\000/\000F\000l\000o\000g\000C\000o\000r\000p\000u\000s\000.\000p\000y\000\040\000F\000i\000l\000e\000\040\000R\000e\000f\000e\000r\000e\000n\000c\000e}{chapter.5}
\BOOKMARK [1][-]{section.5.2}{\376\377\000/\000u\000/\000d\000l\000e\000b\000l\000a\000n\000c\000/\000L\000o\000v\000e\000l\000y\000C\000o\000r\000p\000u\000s\000/\000L\000o\000v\000e\000l\000y\000C\000o\000r\000p\000u\000s\000.\000p\000y\000\040\000F\000i\000l\000e\000\040\000R\000e\000f\000e\000r\000e\000n\000c\000e}{chapter.5}
\BOOKMARK [1][-]{section.5.3}{\376\377\000/\000u\000/\000d\000l\000e\000b\000l\000a\000n\000c\000/\000L\000o\000v\000e\000l\000y\000C\000o\000r\000p\000u\000s\000/\000R\000E\000A\000D\000M\000E\000.\000m\000d\000\040\000F\000i\000l\000e\000\040\000R\000e\000f\000e\000r\000e\000n\000c\000e}{chapter.5}
\BOOKMARK [-1][-]{section*.12}{\376\377\000I\000n\000d\000e\000x}{}
